#
# A fatal error has been detected by the Java Runtime Environment:
#
#  EXCEPTION_ACCESS_VIOLATION (0xc0000005) at pc=0x00007ffcd0add69a, pid=12000, tid=1992
#
# JRE version: OpenJDK Runtime Environment Temurin-17.0.2+8 (17.0.2+8) (build 17.0.2+8)
# Java VM: OpenJDK 64-Bit Server VM Temurin-17.0.2+8 (17.0.2+8, mixed mode, tiered, compressed oops, compressed class ptrs, g1 gc, windows-amd64)
# Problematic frame:
# V  [jvm.dll+0x79d69a]
#
# No core dump will be written. Minidumps are not enabled by default on client versions of Windows
#
# If you would like to submit a bug report, please visit:
#   https://github.com/adoptium/adoptium-support/issues
#

---------------  S U M M A R Y ------------

Command Line: -XX:+ShowCodeDetailsInExceptionMessages -agentlib:jdwp=transport=dt_socket,suspend=y,address=localhost:63420 -javaagent:C:\Users\hebgen\eclipse\java-2021-12\eclipse\configuration\org.eclipse.osgi\224\0\.cp\lib\javaagent-shaded.jar -Dfile.encoding=UTF-8 eu.neclab.ngsildbroker.runner.Runner

Host: Intel(R) Core(TM) i5-5300U CPU @ 2.30GHz, 4 cores, 15G,  Windows 10 , 64 bit Build 19041 (10.0.19041.1466)
Time: Thu Feb 24 20:23:44 2022 W. Europe Standard Time elapsed time: 871.166003 seconds (0d 0h 14m 31s)

---------------  T H R E A D  ---------------

Current thread (0x0000028ce13e62e0):  JavaThread "JDWP Transport Listener: dt_socket" daemon [_thread_in_vm, id=1992, stack(0x000000d961b00000,0x000000d961c00000)]

Stack: [0x000000d961b00000,0x000000d961c00000],  sp=0x000000d961bff860,  free space=1022k
Native frames: (J=compiled Java code, j=interpreted, Vv=VM code, C=native code)
V  [jvm.dll+0x79d69a]
V  [jvm.dll+0x50842c]
V  [jvm.dll+0x4cfa94]
C  [jdwp.dll+0x22dff]


siginfo: EXCEPTION_ACCESS_VIOLATION (0xc0000005), reading address 0x000000000158015a


Register to memory mapping:

RIP=0x00007ffcd0add69a jvm.dll
RAX=0x0000000000000155 is an unknown value
RBX=0x0000028ce10901ce points into unknown readable memory: 74 72
RCX=0x0000000001580156 is an unknown value
RDX=0x0000028ceb54a420 points into unknown readable memory: 0x6c63656e2f75654c | 4c 65 75 2f 6e 65 63 6c
RSP=0x000000d961bff860 is pointing into the stack for thread: 0x0000028ce13e62e0
RBP=0x0000028ce13dd390 points into unknown readable memory: 0x0000000000000002 | 02 00 00 00 00 00 00 00
RSI=0x0 is NULL
RDI=0xffffffffffffffff is an unknown value
R8 =0x0000000000000208 is an unknown value
R9 =0x0000000000000040 is an unknown value
R10=0x0000000000000200 is an unknown value
R11=0x000000d961bff880 is pointing into the stack for thread: 0x0000028ce13e62e0
R12=0x000000d961bff9b8 is pointing into the stack for thread: 0x0000028ce13e62e0
R13=0x0 is NULL
R14=0x00000008008fc090 is a pointer to class: 
eu.neclab.ngsildbroker.commons.querybase.BaseQueryService$2 {0x00000008008fc098}
 - instance size:     5
 - klass size:        70
 - access:            synchronized 
 - state:             fully_initialized
 - name:              'eu/neclab/ngsildbroker/commons/querybase/BaseQueryService$2'
 - super:             'java/lang/Object'
 - sub:               
 - arrays:            NULL
 - methods:           Array<T>(0x0000028ceed9a3f0)
 - method ordering:   Array<T>(0x0000028ceed9a788)
 - default_methods:   Array<T>(0x0000000000000000)
 - local interfaces:  Array<T>(0x0000028ceecd1ef8)
 - trans. interfaces: Array<T>(0x0000028ceecd1ef8)
 - constants:         constant pool [367]/operands[7] {0x0000028ceed9c068} for 'eu/neclab/ngsildbroker/commons/querybase/BaseQueryService$2' cache=0x0000028ceed9cd40
 - class loader data:  loader data: 0x0000028ce0478a40 for instance a 'jdk/internal/loader/ClassLoaders$AppClassLoader'{0x0000000709a75720}
 - source file:       'BaseQueryService.java'
 - source debug extension:       SMAP
BaseQueryService.java
Java
*S jdt
*F
1 BaseQueryService.java
2 file:/C:/Users/hebgen/Desktop/Scorpio/cwd/ScorpioBroker/Commons/target/classes/
*L
*E

 - class annotations:       Array<T>(0x0000000000000000)
 - class type annotations:  Array<T>(0x0000000000000000)
 - field annotations:       Array<T>(0x0000000000000000)
 - field type annotations:  Array<T>(0x0000000000000000)
 - previous version:  constant pool [361]/operands[7] {0x0000028ceecd1258} for 'eu/neclab/ngsildbroker/commons/querybase/BaseQueryService$2' (extra) cache=0x0000028ceecd27a0
 - generic signature: '
[error occurred during error reporting (printing register info), id 0xc0000005, EXCEPTION_ACCESS_VIOLATION (0xc0000005) at pc=0x00007ffcd0ade2a6]

Registers:
RAX=0x0000000000000155, RBX=0x0000028ce10901ce, RCX=0x0000000001580156, RDX=0x0000028ceb54a420
RSP=0x000000d961bff860, RBP=0x0000028ce13dd390, RSI=0x0000000000000000, RDI=0xffffffffffffffff
R8 =0x0000000000000208, R9 =0x0000000000000040, R10=0x0000000000000200, R11=0x000000d961bff880
R12=0x000000d961bff9b8, R13=0x0000000000000000, R14=0x00000008008fc090, R15=0x000000d961bff9e0
RIP=0x00007ffcd0add69a, EFLAGS=0x0000000000010206

Top of Stack: (sp=0x000000d961bff860)
0x000000d961bff860:   000000000000003b 00000008008fc090
0x000000d961bff870:   0000028ce89ecf90 00007ffd191d47b1
0x000000d961bff880:   ffffffffffffffff 00007ffcd084842c
0x000000d961bff890:   0000028ce10901ce 0000028ce1090190
0x000000d961bff8a0:   0000028ce13dd390 0000000000000000
0x000000d961bff8b0:   0000028ce1090140 00000000000003d8
0x000000d961bff8c0:   0000028ce1090150 0000028ce1090528
0x000000d961bff8d0:   0000000000017301 000000d961bff9b8
0x000000d961bff8e0:   0000000000000007 0000028ce13e6588
0x000000d961bff8f0:   000000070c927148 00007ffcd080fa94
0x000000d961bff900:   0000028ce13e62e0 000000d961bff9e0
0x000000d961bff910:   0000028cc0522270 000000d961bff9e0
0x000000d961bff920:   0000028ce13e62e0 0000000000000000
0x000000d961bff930:   0000000000000000 0000000000000000
0x000000d961bff940:   0000028ce13ea318 00007ffcf47f2dff
0x000000d961bff950:   000000d961bff9d8 00007ffcf4801aa0 

Instructions: (pc=0x00007ffcd0add69a)
0x00007ffcd0add59a:   48 83 c4 20 5f e9 4c 8d 90 ff cc cc cc cc cc cc
0x00007ffcd0add5aa:   cc cc cc cc cc cc 48 89 5c 24 08 57 48 83 ec 20
0x00007ffcd0add5ba:   83 fa 02 8d 42 06 b9 08 00 00 00 49 8b d8 0f 4e
0x00007ffcd0add5ca:   c1 48 63 c8 48 83 c1 07 83 e1 f8 48 63 f9 49 8b
0x00007ffcd0add5da:   48 18 48 8b c7 48 f7 d0 48 3b c1 73 16 4c 8d 05
0x00007ffcd0add5ea:   da 4c 17 00 48 8b d7 48 8b cb e8 57 f0 90 ff 48
0x00007ffcd0add5fa:   8b 4b 18 48 8d 04 39 48 3b 43 20 76 18 45 33 c0
0x00007ffcd0add60a:   48 8b d7 48 8b cb 48 8b 5c 24 30 48 83 c4 20 5f
0x00007ffcd0add61a:   e9 b1 ec 90 ff 48 89 43 18 48 8b c1 48 8b 5c 24
0x00007ffcd0add62a:   30 48 83 c4 20 5f c3 cc cc cc cc cc cc cc cc cc
0x00007ffcd0add63a:   cc cc cc cc cc cc 4c 8b d2 4c 8b d9 45 85 c0 7e
0x00007ffcd0add64a:   3c 44 0f b7 49 04 41 8d 40 ff 41 3b c1 44 0f 4c
0x00007ffcd0add65a:   c8 4d 63 c1 45 85 c9 7e 1f 48 8b c2 4c 2b da 49
0x00007ffcd0add66a:   8b d0 0f 1f 40 00 41 0f b6 4c 03 06 88 08 48 8d
0x00007ffcd0add67a:   40 01 48 83 ea 01 75 ee 43 c6 04 10 00 49 8b c2
0x00007ffcd0add68a:   c3 cc cc cc cc cc 48 89 5c 24 08 57 48 83 ec 20
0x00007ffcd0add69a:   0f b7 59 04 48 8b f9 33 d2 48 8d 4b 01 e8 84 df
0x00007ffcd0add6aa:   f2 ff 0f b7 57 04 4c 8b c0 3b da 0f 42 d3 44 8b
0x00007ffcd0add6ba:   ca 85 d2 74 39 48 2b f8 0f 1f 40 00 66 66 0f 1f
0x00007ffcd0add6ca:   84 00 00 00 00 00 0f b6 4c 07 06 88 08 48 ff c0
0x00007ffcd0add6da:   48 8b c8 49 2b c8 49 3b c9 7c eb 42 c6 04 02 00
0x00007ffcd0add6ea:   49 8b c0 48 8b 5c 24 30 48 83 c4 20 5f c3 48 8b
0x00007ffcd0add6fa:   5c 24 30 c6 04 02 00 48 83 c4 20 5f c3 cc cc cc
0x00007ffcd0add70a:   cc cc cc cc cc cc 4c 8b d1 45 85 c0 7e 6c 44 0f
0x00007ffcd0add71a:   b7 49 04 41 8d 40 ff 41 3b c1 44 0f 4c c8 4d 63
0x00007ffcd0add72a:   d9 45 85 c9 7e 22 48 8b ca 4c 2b d2 4d 8b c3 0f
0x00007ffcd0add73a:   1f 80 00 00 00 00 41 0f b6 44 0a 06 88 01 48 8d
0x00007ffcd0add74a:   49 01 49 83 e8 01 75 ee 41 c6 04 13 00 48 c7 c0
0x00007ffcd0add75a:   ff ff ff ff 66 90 48 ff c0 80 3c 02 00 75 f7 48
0x00007ffcd0add76a:   63 c8 85 c0 48 8b c2 7e 14 80 38 2f 75 03 c6 00
0x00007ffcd0add77a:   2e 48 ff c0 48 83 e9 01 75 ef 48 8b c2 c3 cc cc
0x00007ffcd0add78a:   cc cc cc cc cc cc 48 83 ec 28 e8 f7 fe ff ff 4c 


Stack slot to memory mapping:
stack at sp + 0 slots: 0x000000000000003b is an unknown value
stack at sp + 1 slots: 0x00000008008fc090 is a pointer to class: 
eu.neclab.ngsildbroker.commons.querybase.BaseQueryService$2 {0x00000008008fc098}
 - instance size:     5
 - klass size:        70
 - access:            synchronized 
 - state:             fully_initialized
 - name:              'eu/neclab/ngsildbroker/commons/querybase/BaseQueryService$2'
 - super:             'java/lang/Object'
 - sub:               
 - arrays:            NULL
 - methods:           Array<T>(0x0000028ceed9a3f0)
 - method ordering:   Array<T>(0x0000028ceed9a788)
 - default_methods:   Array<T>(0x0000000000000000)
 - local interfaces:  Array<T>(0x0000028ceecd1ef8)
 - trans. interfaces: Array<T>(0x0000028ceecd1ef8)
 - constants:         constant pool [367]/operands[7] {0x0000028ceed9c068} for 'eu/neclab/ngsildbroker/commons/querybase/BaseQueryService$2' cache=0x0000028ceed9cd40
 - class loader data:  loader data: 0x0000028ce0478a40 for instance a 'jdk/internal/loader/ClassLoaders$AppClassLoader'{0x0000000709a75720}
 - source file:       'BaseQueryService.java'
 - source debug extension:       SMAP
BaseQueryService.java
Java
*S jdt
*F
1 BaseQueryService.java
2 file:/C:/Users/hebgen/Desktop/Scorpio/cwd/ScorpioBroker/Commons/target/classes/
*L
*E

 - class annotations:       Array<T>(0x0000000000000000)
 - class type annotations:  Array<T>(0x0000000000000000)
 - field annotations:       Array<T>(0x0000000000000000)
 - field type annotations:  Array<T>(0x0000000000000000)
 - previous version:  constant pool [361]/operands[7] {0x0000028ceecd1258} for 'eu/neclab/ngsildbroker/commons/querybase/BaseQueryService$2' (extra) cache=0x0000028ceecd27a0
 - generic signature: '
[error occurred during error reporting (inspecting top of stack), id 0xc0000005, EXCEPTION_ACCESS_VIOLATION (0xc0000005) at pc=0x00007ffcd0ade2a6]


---------------  P R O C E S S  ---------------

Threads class SMR info:
_java_thread_list=0x0000028ce1904790, length=62, elements={
0x0000028ce10333e0, 0x0000028ce1034460, 0x0000028ce1049b80, 0x0000028ce1056990,
0x0000028ce10579f0, 0x0000028ce105bf50, 0x0000028ce105cb40, 0x0000028ce106acb0,
0x0000028ce10cb8c0, 0x0000028ce1189de0, 0x0000028ce13e62e0, 0x0000028ce13e8570,
0x0000028ce13e8a60, 0x0000028ce181ed70, 0x0000028ce2d430f0, 0x0000028ce2d42750,
0x0000028ce8a56f70, 0x0000028ce8a54dc0, 0x0000028ce8a56aa0, 0x0000028ce8a58c50,
0x0000028ce8a57de0, 0x0000028ce8a55c30, 0x0000028ce8a58780, 0x0000028ce8a59120,
0x0000028ce8a518d0, 0x0000028ce8a51da0, 0x0000028ce8a52270, 0x0000028ce8a52740,
0x0000028ce8a52c10, 0x0000028ce8a530e0, 0x0000028ce8a535b0, 0x0000028ce8a53a80,
0x0000028ce8a548f0, 0x0000028ce8a56100, 0x0000028ce3608950, 0x0000028ce3604120,
0x0000028ce3603c50, 0x0000028ce36015d0, 0x0000028ce3604f90, 0x0000028ce3607ae0,
0x0000028ce36045f0, 0x0000028ce36067a0, 0x0000028ce3606c70, 0x0000028ce3608480,
0x0000028ce3607140, 0x0000028ce3605e00, 0x0000028ce3607fb0, 0x0000028ce3607610,
0x0000028ce3601aa0, 0x0000028ce3601100, 0x0000028ce3601f70, 0x0000028ce3602440,
0x0000028ce3605930, 0x0000028ce36032b0, 0x0000028ce3603780, 0x0000028ce406d3e0,
0x0000028ce406b700, 0x0000028ce406ca40, 0x0000028ce406ff30, 0x0000028ce406e250,
0x0000028ce406a890, 0x0000028ce406f0c0
}

Java Threads: ( => current thread )
  0x0000028ce10333e0 JavaThread "Reference Handler" daemon [_thread_blocked, id=23096, stack(0x000000d961100000,0x000000d961200000)]
  0x0000028ce1034460 JavaThread "Finalizer" daemon [_thread_blocked, id=2456, stack(0x000000d961200000,0x000000d961300000)]
  0x0000028ce1049b80 JavaThread "Signal Dispatcher" daemon [_thread_blocked, id=2784, stack(0x000000d961300000,0x000000d961400000)]
  0x0000028ce1056990 JavaThread "Attach Listener" daemon [_thread_blocked, id=22284, stack(0x000000d961400000,0x000000d961500000)]
  0x0000028ce10579f0 JavaThread "Service Thread" daemon [_thread_blocked, id=2820, stack(0x000000d961500000,0x000000d961600000)]
  0x0000028ce105bf50 JavaThread "Monitor Deflation Thread" daemon [_thread_blocked, id=16928, stack(0x000000d961600000,0x000000d961700000)]
  0x0000028ce105cb40 JavaThread "C2 CompilerThread0" daemon [_thread_blocked, id=21316, stack(0x000000d961700000,0x000000d961800000)]
  0x0000028ce106acb0 JavaThread "C1 CompilerThread0" daemon [_thread_blocked, id=12144, stack(0x000000d961800000,0x000000d961900000)]
  0x0000028ce10cb8c0 JavaThread "Sweeper thread" daemon [_thread_blocked, id=18484, stack(0x000000d961900000,0x000000d961a00000)]
  0x0000028ce1189de0 JavaThread "Common-Cleaner" daemon [_thread_blocked, id=5660, stack(0x000000d961a00000,0x000000d961b00000)]
=>0x0000028ce13e62e0 JavaThread "JDWP Transport Listener: dt_socket" daemon [_thread_in_vm, id=1992, stack(0x000000d961b00000,0x000000d961c00000)]
  0x0000028ce13e8570 JavaThread "JDWP Event Helper Thread" daemon [_thread_blocked, id=17608, stack(0x000000d961c00000,0x000000d961d00000)]
  0x0000028ce13e8a60 JavaThread "JDWP Command Reader" daemon [_thread_in_native, id=2440, stack(0x000000d961d00000,0x000000d961e00000)]
  0x0000028ce181ed70 JavaThread "Notification Thread" daemon [_thread_blocked, id=21136, stack(0x000000d961f00000,0x000000d962000000)]
  0x0000028ce2d430f0 JavaThread "Catalina-utility-1" [_thread_blocked, id=20292, stack(0x000000d962500000,0x000000d962600000)]
  0x0000028ce2d42750 JavaThread "Catalina-utility-2" [_thread_blocked, id=22316, stack(0x000000d962600000,0x000000d962700000)]
  0x0000028ce8a56f70 JavaThread "container-0" [_thread_blocked, id=23388, stack(0x000000d962700000,0x000000d962800000)]
  0x0000028ce8a54dc0 JavaThread "Timer-0" daemon [_thread_blocked, id=11852, stack(0x000000d962800000,0x000000d962900000)]
  0x0000028ce8a56aa0 JavaThread "SpringBootHikariCP housekeeper" daemon [_thread_blocked, id=7612, stack(0x000000d962a00000,0x000000d962b00000)]
  0x0000028ce8a58c50 JavaThread "kafka-producer-network-thread | producer-1" daemon [_thread_in_native, id=3024, stack(0x000000d962d00000,0x000000d962e00000)]
  0x0000028ce8a57de0 JavaThread "micrometer-kafka-metrics" daemon [_thread_blocked, id=19592, stack(0x000000d962e00000,0x000000d962f00000)]
  0x0000028ce8a55c30 JavaThread "Timer-1" daemon [_thread_blocked, id=14120, stack(0x000000d962f00000,0x000000d963000000)]
  0x0000028ce8a58780 JavaThread "Timer-2" daemon [_thread_blocked, id=12340, stack(0x000000d963000000,0x000000d963100000)]
  0x0000028ce8a59120 JavaThread "Timer-3" daemon [_thread_blocked, id=21640, stack(0x000000d963100000,0x000000d963200000)]
  0x0000028ce8a518d0 JavaThread "Timer-4" daemon [_thread_blocked, id=21212, stack(0x000000d963200000,0x000000d963300000)]
  0x0000028ce8a51da0 JavaThread "Timer-5" daemon [_thread_blocked, id=11580, stack(0x000000d963300000,0x000000d963400000)]
  0x0000028ce8a52270 JavaThread "Timer-6" daemon [_thread_blocked, id=9544, stack(0x000000d963400000,0x000000d963500000)]
  0x0000028ce8a52740 JavaThread "Timer-7" daemon [_thread_blocked, id=22428, stack(0x000000d963500000,0x000000d963600000)]
  0x0000028ce8a52c10 JavaThread "Timer-8" daemon [_thread_blocked, id=21516, stack(0x000000d963600000,0x000000d963700000)]
  0x0000028ce8a530e0 JavaThread "Timer-9" daemon [_thread_blocked, id=1048, stack(0x000000d963700000,0x000000d963800000)]
  0x0000028ce8a535b0 JavaThread "Timer-10" daemon [_thread_blocked, id=22708, stack(0x000000d963800000,0x000000d963900000)]
  0x0000028ce8a53a80 JavaThread "Timer-11" daemon [_thread_blocked, id=8752, stack(0x000000d963900000,0x000000d963a00000)]
  0x0000028ce8a548f0 JavaThread "micrometer-kafka-metrics" daemon [_thread_blocked, id=22780, stack(0x000000d962b00000,0x000000d962c00000)]
  0x0000028ce8a56100 JavaThread "ThreadPoolTaskScheduler-1" [_thread_blocked, id=12092, stack(0x000000d963a00000,0x000000d963b00000)]
  0x0000028ce3608950 JavaThread "org.springframework.kafka.KafkaListenerEndpointContainer#2-0-C-1" [_thread_in_native, id=8020, stack(0x000000d963b00000,0x000000d963c00000)]
  0x0000028ce3604120 JavaThread "micrometer-kafka-metrics" daemon [_thread_blocked, id=12024, stack(0x000000d963c00000,0x000000d963d00000)]
  0x0000028ce3603c50 JavaThread "ThreadPoolTaskScheduler-1" [_thread_blocked, id=17788, stack(0x000000d963d00000,0x000000d963e00000)]
  0x0000028ce36015d0 JavaThread "org.springframework.kafka.KafkaListenerEndpointContainer#3-0-C-1" [_thread_in_native, id=23300, stack(0x000000d963e00000,0x000000d963f00000)]
  0x0000028ce3604f90 JavaThread "micrometer-kafka-metrics" daemon [_thread_blocked, id=10824, stack(0x000000d963f00000,0x000000d964000000)]
  0x0000028ce3607ae0 JavaThread "ThreadPoolTaskScheduler-1" [_thread_blocked, id=22116, stack(0x000000d964000000,0x000000d964100000)]
  0x0000028ce36045f0 JavaThread "org.springframework.kafka.KafkaListenerEndpointContainer#4-0-C-1" [_thread_in_native, id=11344, stack(0x000000d964100000,0x000000d964200000)]
  0x0000028ce36067a0 JavaThread "micrometer-kafka-metrics" daemon [_thread_blocked, id=13888, stack(0x000000d964200000,0x000000d964300000)]
  0x0000028ce3606c70 JavaThread "ThreadPoolTaskScheduler-1" [_thread_blocked, id=5240, stack(0x000000d964300000,0x000000d964400000)]
  0x0000028ce3608480 JavaThread "org.springframework.kafka.KafkaListenerEndpointContainer#5-0-C-1" [_thread_in_native, id=13452, stack(0x000000d964400000,0x000000d964500000)]
  0x0000028ce3607140 JavaThread "micrometer-kafka-metrics" daemon [_thread_blocked, id=15740, stack(0x000000d964500000,0x000000d964600000)]
  0x0000028ce3605e00 JavaThread "ThreadPoolTaskScheduler-1" [_thread_blocked, id=20060, stack(0x000000d964600000,0x000000d964700000)]
  0x0000028ce3607fb0 JavaThread "org.springframework.kafka.KafkaListenerEndpointContainer#0-0-C-1" [_thread_in_native, id=23252, stack(0x000000d964700000,0x000000d964800000)]
  0x0000028ce3607610 JavaThread "micrometer-kafka-metrics" daemon [_thread_blocked, id=1016, stack(0x000000d964800000,0x000000d964900000)]
  0x0000028ce3601aa0 JavaThread "ThreadPoolTaskScheduler-1" [_thread_blocked, id=18972, stack(0x000000d964900000,0x000000d964a00000)]
  0x0000028ce3601100 JavaThread "org.springframework.kafka.KafkaListenerEndpointContainer#1-0-C-1" [_thread_in_native, id=8452, stack(0x000000d964a00000,0x000000d964b00000)]
  0x0000028ce3601f70 JavaThread "http-nio-9090-Poller" daemon [_thread_in_native, id=6508, stack(0x000000d964b00000,0x000000d964c00000)]
  0x0000028ce3602440 JavaThread "http-nio-9090-Acceptor" daemon [_thread_in_native, id=16924, stack(0x000000d964c00000,0x000000d964d00000)]
  0x0000028ce3605930 JavaThread "DestroyJavaVM" [_thread_blocked, id=19704, stack(0x000000d960a00000,0x000000d960b00000)]
  0x0000028ce36032b0 JavaThread "http-nio-9090-exec-1" daemon [_thread_blocked, id=23248, stack(0x000000d964e00000,0x000000d964f00000)]
  0x0000028ce3603780 JavaThread "pool-7-thread-1" [_thread_blocked, id=19096, stack(0x000000d965000000,0x000000d965100000)]
  0x0000028ce406d3e0 JavaThread "pool-1-thread-2" [_thread_blocked, id=16040, stack(0x000000d960900000,0x000000d960a00000)]
  0x0000028ce406b700 JavaThread "http-nio-9090-exec-2" daemon [_thread_blocked, id=17564, stack(0x000000d960700000,0x000000d960800000)]
  0x0000028ce406ca40 JavaThread "http-nio-9090-exec-3" daemon [_thread_blocked, id=5212, stack(0x000000d960800000,0x000000d960900000)]
  0x0000028ce406ff30 JavaThread "http-nio-9090-exec-4" daemon [_thread_blocked, id=22176, stack(0x000000d961e00000,0x000000d961f00000)]
  0x0000028ce406e250 JavaThread "pool-8-thread-2" [_thread_blocked, id=12228, stack(0x000000d964d00000,0x000000d964e00000)]
  0x0000028ce406a890 JavaThread "pool-9-thread-1" [_thread_blocked, id=11316, stack(0x000000d962c00000,0x000000d962d00000)]
  0x0000028ce406f0c0 JavaThread "http-nio-9090-exec-5" daemon [_thread_blocked, id=3184, stack(0x000000d964f00000,0x000000d965000000)]

Other Threads:
  0x0000028ce1020a20 VMThread "VM Thread" [stack: 0x000000d961000000,0x000000d961100000] [id=5372]
  0x0000028cc266b580 WatcherThread [stack: 0x000000d962000000,0x000000d962100000] [id=17796]
  0x0000028cc2651780 GCTaskThread "GC Thread#0" [stack: 0x000000d960b00000,0x000000d960c00000] [id=22916]
  0x0000028ce1f00a00 GCTaskThread "GC Thread#1" [stack: 0x000000d962100000,0x000000d962200000] [id=14556]
  0x0000028ce29100b0 GCTaskThread "GC Thread#2" [stack: 0x000000d962200000,0x000000d962300000] [id=14844]
  0x0000028cc2604fe0 GCTaskThread "GC Thread#3" [stack: 0x000000d962300000,0x000000d962400000] [id=17628]
  0x0000028cc2663410 ConcurrentGCThread "G1 Main Marker" [stack: 0x000000d960c00000,0x000000d960d00000] [id=5196]
  0x0000028cc2664d40 ConcurrentGCThread "G1 Conc#0" [stack: 0x000000d960d00000,0x000000d960e00000] [id=20296]
  0x0000028cc26c7950 ConcurrentGCThread "G1 Refine#0" [stack: 0x000000d960e00000,0x000000d960f00000] [id=15252]
  0x0000028cc2605290 ConcurrentGCThread "G1 Refine#1" [stack: 0x000000d962400000,0x000000d962500000] [id=12124]
  0x0000028ce02e2a10 ConcurrentGCThread "G1 Service" [stack: 0x000000d960f00000,0x000000d961000000] [id=8172]

Threads with active compile tasks:

VM state: not at safepoint (normal execution)

VM Mutex/Monitor currently owned by a thread: None

Heap address: 0x0000000709600000, size: 3946 MB, Compressed Oops mode: Zero based, Oop shift amount: 3

CDS archive(s) not mapped
Compressed class space mapped at: 0x0000000800000000-0x0000000840000000, reserved size: 1073741824
Narrow klass base: 0x0000000800000000, Narrow klass shift: 0, Narrow klass range: 0x40000000

GC Precious Log:
 CPUs: 4 total, 4 available
 Memory: 15779M
 Large Page Support: Disabled
 NUMA Support: Disabled
 Compressed Oops: Enabled (Zero based)
 Heap Region Size: 2M
 Heap Min Capacity: 8M
 Heap Initial Capacity: 248M
 Heap Max Capacity: 3946M
 Pre-touch: Disabled
 Parallel Workers: 4
 Concurrent Workers: 1
 Concurrent Refinement Workers: 4
 Periodic GC: Disabled

Heap:
 garbage-first heap   total 102400K, used 46901K [0x0000000709600000, 0x0000000800000000)
  region size 2048K, 9 young (18432K), 2 survivors (4096K)
 Metaspace       used 75706K, committed 76160K, reserved 1122304K
  class space    used 8924K, committed 9152K, reserved 1048576K

Heap Regions: E=young(eden), S=young(survivor), O=old, HS=humongous(starts), HC=humongous(continues), CS=collection set, F=free, OA=open archive, CA=closed archive, TAMS=top-at-mark-start (previous, next)
|   0|0x0000000709600000, 0x0000000709800000, 0x0000000709800000|100%| O|  |TAMS 0x0000000709800000, 0x0000000709600000| Untracked 
|   1|0x0000000709800000, 0x0000000709a00000, 0x0000000709a00000|100%| O|  |TAMS 0x0000000709a00000, 0x0000000709800000| Untracked 
|   2|0x0000000709a00000, 0x0000000709c00000, 0x0000000709c00000|100%| O|  |TAMS 0x0000000709c00000, 0x0000000709a00000| Untracked 
|   3|0x0000000709c00000, 0x0000000709e00000, 0x0000000709e00000|100%| O|  |TAMS 0x0000000709e00000, 0x0000000709c00000| Untracked 
|   4|0x0000000709e00000, 0x000000070a000000, 0x000000070a000000|100%| O|  |TAMS 0x000000070a000000, 0x0000000709e00000| Untracked 
|   5|0x000000070a000000, 0x000000070a200000, 0x000000070a200000|100%| O|  |TAMS 0x000000070a200000, 0x000000070a000000| Untracked 
|   6|0x000000070a200000, 0x000000070a400000, 0x000000070a400000|100%| O|  |TAMS 0x000000070a400000, 0x000000070a200000| Untracked 
|   7|0x000000070a400000, 0x000000070a600000, 0x000000070a600000|100%| O|  |TAMS 0x000000070a600000, 0x000000070a400000| Untracked 
|   8|0x000000070a600000, 0x000000070a800000, 0x000000070a800000|100%| O|  |TAMS 0x000000070a800000, 0x000000070a600000| Untracked 
|   9|0x000000070a800000, 0x000000070aa00000, 0x000000070aa00000|100%| O|  |TAMS 0x000000070aa00000, 0x000000070a800000| Untracked 
|  10|0x000000070aa00000, 0x000000070aa43200, 0x000000070ac00000| 13%| O|  |TAMS 0x000000070aa00000, 0x000000070aa00000| Untracked 
|  11|0x000000070ac00000, 0x000000070ae00000, 0x000000070ae00000|100%| O|  |TAMS 0x000000070ac00000, 0x000000070ac00000| Untracked 
|  12|0x000000070ae00000, 0x000000070b000000, 0x000000070b000000|100%| O|  |TAMS 0x000000070ae00000, 0x000000070ae00000| Untracked 
|  13|0x000000070b000000, 0x000000070b200000, 0x000000070b200000|100%| O|  |TAMS 0x000000070b000000, 0x000000070b000000| Untracked 
|  14|0x000000070b200000, 0x000000070b400000, 0x000000070b400000|100%| O|  |TAMS 0x000000070b200000, 0x000000070b200000| Untracked 
|  15|0x000000070b400000, 0x000000070b600000, 0x000000070b600000|100%| O|  |TAMS 0x000000070b400000, 0x000000070b400000| Untracked 
|  16|0x000000070b600000, 0x000000070b600000, 0x000000070b800000|  0%| F|  |TAMS 0x000000070b600000, 0x000000070b600000| Untracked 
|  17|0x000000070b800000, 0x000000070b800000, 0x000000070ba00000|  0%| F|  |TAMS 0x000000070b800000, 0x000000070b800000| Untracked 
|  18|0x000000070ba00000, 0x000000070ba00000, 0x000000070bc00000|  0%| F|  |TAMS 0x000000070ba00000, 0x000000070ba00000| Untracked 
|  19|0x000000070bc00000, 0x000000070bc00000, 0x000000070be00000|  0%| F|  |TAMS 0x000000070bc00000, 0x000000070bc00000| Untracked 
|  20|0x000000070be00000, 0x000000070be00000, 0x000000070c000000|  0%| F|  |TAMS 0x000000070be00000, 0x000000070be00000| Untracked 
|  21|0x000000070c000000, 0x000000070c000000, 0x000000070c200000|  0%| F|  |TAMS 0x000000070c000000, 0x000000070c000000| Untracked 
|  22|0x000000070c200000, 0x000000070c200000, 0x000000070c400000|  0%| F|  |TAMS 0x000000070c200000, 0x000000070c200000| Untracked 
|  23|0x000000070c400000, 0x000000070c58a5b0, 0x000000070c600000| 77%| S|CS|TAMS 0x000000070c400000, 0x000000070c400000| Complete 
|  24|0x000000070c600000, 0x000000070c600000, 0x000000070c800000|  0%| F|  |TAMS 0x000000070c600000, 0x000000070c600000| Untracked 
|  25|0x000000070c800000, 0x000000070ca00000, 0x000000070ca00000|100%| S|CS|TAMS 0x000000070c800000, 0x000000070c800000| Complete 
|  26|0x000000070ca00000, 0x000000070ca00000, 0x000000070cc00000|  0%| F|  |TAMS 0x000000070ca00000, 0x000000070ca00000| Untracked 
|  27|0x000000070cc00000, 0x000000070cc00000, 0x000000070ce00000|  0%| F|  |TAMS 0x000000070cc00000, 0x000000070cc00000| Untracked 
|  28|0x000000070ce00000, 0x000000070ce00000, 0x000000070d000000|  0%| F|  |TAMS 0x000000070ce00000, 0x000000070ce00000| Untracked 
|  29|0x000000070d000000, 0x000000070d000000, 0x000000070d200000|  0%| F|  |TAMS 0x000000070d000000, 0x000000070d000000| Untracked 
|  30|0x000000070d200000, 0x000000070d200000, 0x000000070d400000|  0%| F|  |TAMS 0x000000070d200000, 0x000000070d200000| Untracked 
|  31|0x000000070d400000, 0x000000070d400000, 0x000000070d600000|  0%| F|  |TAMS 0x000000070d400000, 0x000000070d400000| Untracked 
|  32|0x000000070d600000, 0x000000070d600000, 0x000000070d800000|  0%| F|  |TAMS 0x000000070d600000, 0x000000070d600000| Untracked 
|  33|0x000000070d800000, 0x000000070d800000, 0x000000070da00000|  0%| F|  |TAMS 0x000000070d800000, 0x000000070d800000| Untracked 
|  34|0x000000070da00000, 0x000000070da00000, 0x000000070dc00000|  0%| F|  |TAMS 0x000000070da00000, 0x000000070da00000| Untracked 
|  35|0x000000070dc00000, 0x000000070dc00000, 0x000000070de00000|  0%| F|  |TAMS 0x000000070dc00000, 0x000000070dc00000| Untracked 
|  36|0x000000070de00000, 0x000000070de00000, 0x000000070e000000|  0%| F|  |TAMS 0x000000070de00000, 0x000000070de00000| Untracked 
|  37|0x000000070e000000, 0x000000070e000000, 0x000000070e200000|  0%| F|  |TAMS 0x000000070e000000, 0x000000070e000000| Untracked 
|  38|0x000000070e200000, 0x000000070e200000, 0x000000070e400000|  0%| F|  |TAMS 0x000000070e200000, 0x000000070e200000| Untracked 
|  39|0x000000070e400000, 0x000000070e400000, 0x000000070e600000|  0%| F|  |TAMS 0x000000070e400000, 0x000000070e400000| Untracked 
|  40|0x000000070e600000, 0x000000070e600000, 0x000000070e800000|  0%| F|  |TAMS 0x000000070e600000, 0x000000070e600000| Untracked 
|  41|0x000000070e800000, 0x000000070e800000, 0x000000070ea00000|  0%| F|  |TAMS 0x000000070e800000, 0x000000070e800000| Untracked 
|  42|0x000000070ea00000, 0x000000070ea00000, 0x000000070ec00000|  0%| F|  |TAMS 0x000000070ea00000, 0x000000070ea00000| Untracked 
|  43|0x000000070ec00000, 0x000000070ede5fa8, 0x000000070ee00000| 94%| E|  |TAMS 0x000000070ec00000, 0x000000070ec00000| Complete 
|  44|0x000000070ee00000, 0x000000070f000000, 0x000000070f000000|100%| E|CS|TAMS 0x000000070ee00000, 0x000000070ee00000| Complete 
|  45|0x000000070f000000, 0x000000070f200000, 0x000000070f200000|100%| E|CS|TAMS 0x000000070f000000, 0x000000070f000000| Complete 
|  46|0x000000070f200000, 0x000000070f400000, 0x000000070f400000|100%| E|CS|TAMS 0x000000070f200000, 0x000000070f200000| Complete 
|  47|0x000000070f400000, 0x000000070f600000, 0x000000070f600000|100%| E|CS|TAMS 0x000000070f400000, 0x000000070f400000| Complete 
|  48|0x000000070f600000, 0x000000070f800000, 0x000000070f800000|100%| E|CS|TAMS 0x000000070f600000, 0x000000070f600000| Complete 
| 123|0x0000000718c00000, 0x0000000718e00000, 0x0000000718e00000|100%| E|CS|TAMS 0x0000000718c00000, 0x0000000718c00000| Complete 

Card table byte_map: [0x0000028cd5470000,0x0000028cd5c30000] _byte_map_base: 0x0000028cd1c25000

Marking Bits (Prev, Next): (CMBitMap*) 0x0000028cc2652cf0, (CMBitMap*) 0x0000028cc2652cb0
 Prev Bits: [0x0000028cda1a0000, 0x0000028cddf48000)
 Next Bits: [0x0000028cd63f0000, 0x0000028cda198000)

Polling page: 0x0000028cc04f0000

Metaspace:

Usage:
  Non-class:     65.22 MB used.
      Class:      8.72 MB used.
       Both:     73.93 MB used.

Virtual space:
  Non-class space:       72.00 MB reserved,      65.44 MB ( 91%) committed,  9 nodes.
      Class space:        1.00 GB reserved,       8.94 MB ( <1%) committed,  1 nodes.
             Both:        1.07 GB reserved,      74.38 MB (  7%) committed. 

Chunk freelists:
   Non-Class:  2.38 MB
       Class:  2.94 MB
        Both:  5.31 MB

MaxMetaspaceSize: unlimited
CompressedClassSpaceSize: 1.00 GB
Initial GC threshold: 21.00 MB
Current GC threshold: 98.25 MB
CDS: off
MetaspaceReclaimPolicy: balanced
 - commit_granule_bytes: 65536.
 - commit_granule_words: 8192.
 - virtual_space_node_default_size: 1048576.
 - enlarge_chunks_in_place: 1.
 - new_chunks_are_fully_committed: 0.
 - uncommit_free_chunks: 1.
 - use_allocation_guard: 0.
 - handle_deallocations: 1.


Internal statistics:

num_allocs_failed_limit: 9.
num_arena_births: 778.
num_arena_deaths: 0.
num_vsnodes_births: 10.
num_vsnodes_deaths: 0.
num_space_committed: 1190.
num_space_uncommitted: 0.
num_chunks_returned_to_freelist: 9.
num_chunks_taken_from_freelist: 3141.
num_chunk_merges: 6.
num_chunk_splits: 2119.
num_chunks_enlarged: 1562.
num_purges: 0.
num_inconsistent_stats: 0.

CodeHeap 'non-profiled nmethods': size=120000Kb used=5428Kb max_used=5428Kb free=114572Kb
 bounds [0x0000028ccd780000, 0x0000028ccdcd0000, 0x0000028cd4cb0000]
CodeHeap 'profiled nmethods': size=120000Kb used=14321Kb max_used=14321Kb free=105678Kb
 bounds [0x0000028cc6250000, 0x0000028cc7050000, 0x0000028ccd780000]
CodeHeap 'non-nmethods': size=5760Kb used=1438Kb max_used=1524Kb free=4321Kb
 bounds [0x0000028cc5cb0000, 0x0000028cc5f20000, 0x0000028cc6250000]
 total_blobs=7683 nmethods=6972 adapters=623
 compilation: enabled
              stopped_count=0, restarted_count=0
 full_count=0

Compilation events (20 events):
Event: 833.411 Thread 0x0000028ce105cb40 8123       4       java.util.Collections$UnmodifiableCollection::forEach (11 bytes)
Event: 833.412 Thread 0x0000028ce105cb40 nmethod 8123 0x0000028ccdcc7590 code [0x0000028ccdcc7700, 0x0000028ccdcc77b8]
Event: 833.943 Thread 0x0000028ce105cb40 8124       4       org.apache.kafka.common.utils.LogContext$LocationAwareKafkaLogger::warn (22 bytes)
Event: 833.947 Thread 0x0000028ce105cb40 nmethod 8124 0x0000028ccdcc7890 code [0x0000028ccdcc7a20, 0x0000028ccdcc7b88]
Event: 834.394 Thread 0x0000028ce105cb40 8125       4       java.net.ConnectException::<init> (6 bytes)
Event: 834.409 Thread 0x0000028ce105cb40 nmethod 8125 0x0000028ccdcc7c90 code [0x0000028ccdcc7e20, 0x0000028ccdcc84a8]
Event: 838.303 Thread 0x0000028ce105cb40 8126       4       sun.nio.ch.SocketAdaptor::setTcpNoDelay (9 bytes)
Event: 838.314 Thread 0x0000028ce105cb40 nmethod 8126 0x0000028ccdcc8610 code [0x0000028ccdcc87e0, 0x0000028ccdcc8df8]
Event: 838.977 Thread 0x0000028ce105cb40 8127       4       sun.nio.ch.SocketAdaptor::setReceiveBufferSize (23 bytes)
Event: 838.987 Thread 0x0000028ce105cb40 nmethod 8127 0x0000028ccdcc9310 code [0x0000028ccdcc94e0, 0x0000028ccdcc9bf8]
Event: 847.210 Thread 0x0000028ce105cb40 8128   !   4       sun.nio.ch.SocketChannelImpl::endFinishConnect (75 bytes)
Event: 847.212 Thread 0x0000028ce105cb40 nmethod 8128 0x0000028ccdcca190 code [0x0000028ccdcca300, 0x0000028ccdcca3b8]
Event: 849.626 Thread 0x0000028ce105cb40 8129       4       sun.nio.ch.SocketChannelImpl::translateAndSetReadyOps (8 bytes)
Event: 849.633 Thread 0x0000028ce105cb40 nmethod 8129 0x0000028ccdcca490 code [0x0000028ccdcca620, 0x0000028ccdcca848]
Event: 852.406 Thread 0x0000028ce105cb40 8130       4       org.apache.kafka.common.network.PlaintextChannelBuilder$PlaintextAuthenticator::close (23 bytes)
Event: 852.409 Thread 0x0000028ce105cb40 nmethod 8130 0x0000028ccdccaa10 code [0x0000028ccdccab80, 0x0000028ccdccac78]
Event: 852.517 Thread 0x0000028ce105cb40 8131       4       org.apache.kafka.common.network.KafkaChannel::hashCode (8 bytes)
Event: 852.541 Thread 0x0000028ce105cb40 nmethod 8131 0x0000028ccdccad10 code [0x0000028ccdccaea0, 0x0000028ccdccb298]
Event: 870.862 Thread 0x0000028ce105cb40 8132       4       org.apache.kafka.common.network.PlaintextTransportLayer::close (18 bytes)
Event: 870.884 Thread 0x0000028ce105cb40 nmethod 8132 0x0000028ccdccb490 code [0x0000028ccdccb680, 0x0000028ccdccc768]

GC Heap History (20 events):
Event: 15.152 GC heap before
{Heap before GC invocations=19 (full 0):
 garbage-first heap   total 69632K, used 51431K [0x0000000709600000, 0x0000000800000000)
  region size 2048K, 17 young (34816K), 3 survivors (6144K)
 Metaspace       used 50087K, committed 50496K, reserved 1097728K
  class space    used 6025K, committed 6208K, reserved 1048576K
}
Event: 15.159 GC heap after
{Heap after GC invocations=20 (full 0):
 garbage-first heap   total 112640K, used 23649K [0x0000000709600000, 0x0000000800000000)
  region size 2048K, 2 young (4096K), 2 survivors (4096K)
 Metaspace       used 50087K, committed 50496K, reserved 1097728K
  class space    used 6025K, committed 6208K, reserved 1048576K
}
Event: 17.000 GC heap before
{Heap before GC invocations=20 (full 0):
 garbage-first heap   total 112640K, used 85089K [0x0000000709600000, 0x0000000800000000)
  region size 2048K, 32 young (65536K), 2 survivors (4096K)
 Metaspace       used 54591K, committed 54976K, reserved 1097728K
  class space    used 6581K, committed 6784K, reserved 1048576K
}
Event: 17.009 GC heap after
{Heap after GC invocations=21 (full 0):
 garbage-first heap   total 112640K, used 25241K [0x0000000709600000, 0x0000000800000000)
  region size 2048K, 3 young (6144K), 3 survivors (6144K)
 Metaspace       used 54591K, committed 54976K, reserved 1097728K
  class space    used 6581K, committed 6784K, reserved 1048576K
}
Event: 18.407 GC heap before
{Heap before GC invocations=21 (full 0):
 garbage-first heap   total 112640K, used 64153K [0x0000000709600000, 0x0000000800000000)
  region size 2048K, 23 young (47104K), 3 survivors (6144K)
 Metaspace       used 59887K, committed 60288K, reserved 1105920K
  class space    used 7199K, committed 7424K, reserved 1048576K
}
Event: 18.416 GC heap after
{Heap after GC invocations=22 (full 0):
 garbage-first heap   total 112640K, used 27162K [0x0000000709600000, 0x0000000800000000)
  region size 2048K, 3 young (6144K), 3 survivors (6144K)
 Metaspace       used 59887K, committed 60288K, reserved 1105920K
  class space    used 7199K, committed 7424K, reserved 1048576K
}
Event: 20.109 GC heap before
{Heap before GC invocations=23 (full 0):
 garbage-first heap   total 102400K, used 80410K [0x0000000709600000, 0x0000000800000000)
  region size 2048K, 30 young (61440K), 3 survivors (6144K)
 Metaspace       used 62753K, committed 63168K, reserved 1105920K
  class space    used 7597K, committed 7808K, reserved 1048576K
}
Event: 20.122 GC heap after
{Heap after GC invocations=24 (full 0):
 garbage-first heap   total 102400K, used 29230K [0x0000000709600000, 0x0000000800000000)
  region size 2048K, 3 young (6144K), 3 survivors (6144K)
 Metaspace       used 62753K, committed 63168K, reserved 1105920K
  class space    used 7597K, committed 7808K, reserved 1048576K
}
Event: 20.195 GC heap before
{Heap before GC invocations=24 (full 0):
 garbage-first heap   total 102400K, used 31278K [0x0000000709600000, 0x0000000800000000)
  region size 2048K, 4 young (8192K), 3 survivors (6144K)
 Metaspace       used 62853K, committed 63232K, reserved 1105920K
  class space    used 7615K, committed 7808K, reserved 1048576K
}
Event: 20.202 GC heap after
{Heap after GC invocations=25 (full 0):
 garbage-first heap   total 102400K, used 29800K [0x0000000709600000, 0x0000000800000000)
  region size 2048K, 1 young (2048K), 1 survivors (2048K)
 Metaspace       used 62853K, committed 63232K, reserved 1105920K
  class space    used 7615K, committed 7808K, reserved 1048576K
}
Event: 21.567 GC heap before
{Heap before GC invocations=25 (full 0):
 garbage-first heap   total 102400K, used 81000K [0x0000000709600000, 0x0000000800000000)
  region size 2048K, 26 young (53248K), 1 survivors (2048K)
 Metaspace       used 66092K, committed 66496K, reserved 1114112K
  class space    used 8073K, committed 8256K, reserved 1048576K
}
Event: 21.573 GC heap after
{Heap after GC invocations=26 (full 0):
 garbage-first heap   total 102400K, used 31345K [0x0000000709600000, 0x0000000800000000)
  region size 2048K, 2 young (4096K), 2 survivors (4096K)
 Metaspace       used 66092K, committed 66496K, reserved 1114112K
  class space    used 8073K, committed 8256K, reserved 1048576K
}
Event: 22.712 GC heap before
{Heap before GC invocations=26 (full 0):
 garbage-first heap   total 102400K, used 80497K [0x0000000709600000, 0x0000000800000000)
  region size 2048K, 26 young (53248K), 2 survivors (4096K)
 Metaspace       used 69675K, committed 70208K, reserved 1114112K
  class space    used 8432K, committed 8704K, reserved 1048576K
}
Event: 22.722 GC heap after
{Heap after GC invocations=27 (full 0):
 garbage-first heap   total 102400K, used 33268K [0x0000000709600000, 0x0000000800000000)
  region size 2048K, 3 young (6144K), 3 survivors (6144K)
 Metaspace       used 69675K, committed 70208K, reserved 1114112K
  class space    used 8432K, committed 8704K, reserved 1048576K
}
Event: 42.066 GC heap before
{Heap before GC invocations=27 (full 0):
 garbage-first heap   total 102400K, used 80372K [0x0000000709600000, 0x0000000800000000)
  region size 2048K, 26 young (53248K), 3 survivors (6144K)
 Metaspace       used 73227K, committed 73792K, reserved 1114112K
  class space    used 8679K, committed 8960K, reserved 1048576K
}
Event: 42.092 GC heap after
{Heap after GC invocations=28 (full 0):
 garbage-first heap   total 102400K, used 34168K [0x0000000709600000, 0x0000000800000000)
  region size 2048K, 2 young (4096K), 2 survivors (4096K)
 Metaspace       used 73227K, committed 73792K, reserved 1114112K
  class space    used 8679K, committed 8960K, reserved 1048576K
}
Event: 248.304 GC heap before
{Heap before GC invocations=28 (full 0):
 garbage-first heap   total 102400K, used 81272K [0x0000000709600000, 0x0000000800000000)
  region size 2048K, 26 young (53248K), 2 survivors (4096K)
 Metaspace       used 75202K, committed 75776K, reserved 1122304K
  class space    used 8883K, committed 9152K, reserved 1048576K
}
Event: 248.310 GC heap after
{Heap after GC invocations=29 (full 0):
 garbage-first heap   total 102400K, used 34524K [0x0000000709600000, 0x0000000800000000)
  region size 2048K, 2 young (4096K), 2 survivors (4096K)
 Metaspace       used 75202K, committed 75776K, reserved 1122304K
  class space    used 8883K, committed 9152K, reserved 1048576K
}
Event: 725.335 GC heap before
{Heap before GC invocations=29 (full 0):
 garbage-first heap   total 102400K, used 83676K [0x0000000709600000, 0x0000000800000000)
  region size 2048K, 26 young (53248K), 2 survivors (4096K)
 Metaspace       used 75654K, committed 76160K, reserved 1122304K
  class space    used 8921K, committed 9152K, reserved 1048576K
}
Event: 725.354 GC heap after
{Heap after GC invocations=30 (full 0):
 garbage-first heap   total 102400K, used 34613K [0x0000000709600000, 0x0000000800000000)
  region size 2048K, 2 young (4096K), 2 survivors (4096K)
 Metaspace       used 75654K, committed 76160K, reserved 1122304K
  class space    used 8921K, committed 9152K, reserved 1048576K
}

Deoptimization events (20 events):
Event: 869.696 Thread 0x0000028ce3608950 DEOPT PACKING pc=0x0000028ccd9399f8 sp=0x000000d963bfe480
Event: 869.696 Thread 0x0000028ce3608950 DEOPT UNPACKING pc=0x0000028cc5d02b43 sp=0x000000d963bfd818 mode 1
Event: 869.835 Thread 0x0000028ce36015d0 DEOPT PACKING pc=0x0000028ccd9399f8 sp=0x000000d963efe470
Event: 869.835 Thread 0x0000028ce36015d0 DEOPT UNPACKING pc=0x0000028cc5d02b43 sp=0x000000d963efd808 mode 1
Event: 869.914 Thread 0x0000028ce3601100 DEOPT PACKING pc=0x0000028ccd9399f8 sp=0x000000d964afe730
Event: 869.914 Thread 0x0000028ce3601100 DEOPT UNPACKING pc=0x0000028cc5d02b43 sp=0x000000d964afdac8 mode 1
Event: 870.147 Thread 0x0000028ce3607fb0 DEOPT PACKING pc=0x0000028ccd9399f8 sp=0x000000d9647fe3d0
Event: 870.148 Thread 0x0000028ce3607fb0 DEOPT UNPACKING pc=0x0000028cc5d02b43 sp=0x000000d9647fd768 mode 1
Event: 870.487 Thread 0x0000028ce8a58c50 DEOPT PACKING pc=0x0000028ccd9399f8 sp=0x000000d962dfee00
Event: 870.487 Thread 0x0000028ce8a58c50 DEOPT UNPACKING pc=0x0000028cc5d02b43 sp=0x000000d962dfe198 mode 1
Event: 870.566 Thread 0x0000028ce3608950 DEOPT PACKING pc=0x0000028ccd9399f8 sp=0x000000d963bfe480
Event: 870.566 Thread 0x0000028ce3608950 DEOPT UNPACKING pc=0x0000028cc5d02b43 sp=0x000000d963bfd818 mode 1
Event: 870.664 Thread 0x0000028ce36045f0 DEOPT PACKING pc=0x0000028ccd9399f8 sp=0x000000d9641fe1a0
Event: 870.664 Thread 0x0000028ce36045f0 DEOPT UNPACKING pc=0x0000028cc5d02b43 sp=0x000000d9641fd538 mode 1
Event: 870.729 Thread 0x0000028ce36015d0 DEOPT PACKING pc=0x0000028ccd9399f8 sp=0x000000d963efe470
Event: 870.729 Thread 0x0000028ce36015d0 DEOPT UNPACKING pc=0x0000028cc5d02b43 sp=0x000000d963efd808 mode 1
Event: 870.862 Thread 0x0000028ce3608480 DEOPT PACKING pc=0x0000028ccd9399f8 sp=0x000000d9644fe4f0
Event: 870.862 Thread 0x0000028ce3608480 DEOPT UNPACKING pc=0x0000028cc5d02b43 sp=0x000000d9644fd888 mode 1
Event: 870.898 Thread 0x0000028ce3601100 DEOPT PACKING pc=0x0000028ccd9399f8 sp=0x000000d964afe730
Event: 870.898 Thread 0x0000028ce3601100 DEOPT UNPACKING pc=0x0000028cc5d02b43 sp=0x000000d964afdac8 mode 1

Classes unloaded (0 events):
No events

Classes redefined (3 events):
Event: 871.062 Thread 0x0000028ce1020a20 redefined class name=eu.neclab.ngsildbroker.commons.querybase.BaseQueryService$1, count=1
Event: 871.063 Thread 0x0000028ce1020a20 redefined class name=eu.neclab.ngsildbroker.commons.querybase.BaseQueryService, count=1
Event: 871.063 Thread 0x0000028ce1020a20 redefined class name=eu.neclab.ngsildbroker.commons.querybase.BaseQueryService$2, count=1

Internal exceptions (20 events):
Event: 868.176 Thread 0x0000028ce3607fb0 Exception <a 'java/net/ConnectException'{0x000000070ed5ec38}: Connection refused: no further information> (0x000000070ed5ec38) 
thrown [e:\jenkins\tmp\workspace\build\src\src\hotspot\share\prims\jni.cpp, line 535]
Event: 868.492 Thread 0x0000028ce36045f0 Exception <a 'java/net/ConnectException'{0x000000070ed70410}: Connection refused: no further information> (0x000000070ed70410) 
thrown [e:\jenkins\tmp\workspace\build\src\src\hotspot\share\prims\jni.cpp, line 535]
Event: 868.663 Thread 0x0000028ce36015d0 Exception <a 'java/net/ConnectException'{0x000000070edad4a8}: Connection refused: no further information> (0x000000070edad4a8) 
thrown [e:\jenkins\tmp\workspace\build\src\src\hotspot\share\prims\jni.cpp, line 535]
Event: 868.742 Thread 0x0000028ce3608480 Exception <a 'java/net/ConnectException'{0x000000070ed856e8}: Connection refused: no further information> (0x000000070ed856e8) 
thrown [e:\jenkins\tmp\workspace\build\src\src\hotspot\share\prims\jni.cpp, line 535]
Event: 868.837 Thread 0x0000028ce3608950 Exception <a 'java/net/ConnectException'{0x000000070ecac600}: Connection refused: no further information> (0x000000070ecac600) 
thrown [e:\jenkins\tmp\workspace\build\src\src\hotspot\share\prims\jni.cpp, line 535]
Event: 869.055 Thread 0x0000028ce3601100 Exception <a 'java/net/ConnectException'{0x000000070edc3c50}: Connection refused: no further information> (0x000000070edc3c50) 
thrown [e:\jenkins\tmp\workspace\build\src\src\hotspot\share\prims\jni.cpp, line 535]
Event: 869.228 Thread 0x0000028ce3607fb0 Exception <a 'java/net/ConnectException'{0x000000070ed61d20}: Connection refused: no further information> (0x000000070ed61d20) 
thrown [e:\jenkins\tmp\workspace\build\src\src\hotspot\share\prims\jni.cpp, line 535]
Event: 869.415 Thread 0x0000028ce8a58c50 Exception <a 'java/net/ConnectException'{0x000000070ed9ef70}: Connection refused: no further information> (0x000000070ed9ef70) 
thrown [e:\jenkins\tmp\workspace\build\src\src\hotspot\share\prims\jni.cpp, line 535]
Event: 869.570 Thread 0x0000028ce36045f0 Exception <a 'java/net/ConnectException'{0x000000070ed74190}: Connection refused: no further information> (0x000000070ed74190) 
thrown [e:\jenkins\tmp\workspace\build\src\src\hotspot\share\prims\jni.cpp, line 535]
Event: 869.665 Thread 0x0000028ce3608480 Exception <a 'java/net/ConnectException'{0x000000070ed88f40}: Connection refused: no further information> (0x000000070ed88f40) 
thrown [e:\jenkins\tmp\workspace\build\src\src\hotspot\share\prims\jni.cpp, line 535]
Event: 869.696 Thread 0x0000028ce3608950 Exception <a 'java/net/ConnectException'{0x000000070ecaeeb0}: Connection refused: no further information> (0x000000070ecaeeb0) 
thrown [e:\jenkins\tmp\workspace\build\src\src\hotspot\share\prims\jni.cpp, line 535]
Event: 869.835 Thread 0x0000028ce36015d0 Exception <a 'java/net/ConnectException'{0x000000070edb0ef8}: Connection refused: no further information> (0x000000070edb0ef8) 
thrown [e:\jenkins\tmp\workspace\build\src\src\hotspot\share\prims\jni.cpp, line 535]
Event: 869.914 Thread 0x0000028ce3601100 Exception <a 'java/net/ConnectException'{0x000000070edc72d0}: Connection refused: no further information> (0x000000070edc72d0) 
thrown [e:\jenkins\tmp\workspace\build\src\src\hotspot\share\prims\jni.cpp, line 535]
Event: 870.147 Thread 0x0000028ce3607fb0 Exception <a 'java/net/ConnectException'{0x000000070ed65060}: Connection refused: no further information> (0x000000070ed65060) 
thrown [e:\jenkins\tmp\workspace\build\src\src\hotspot\share\prims\jni.cpp, line 535]
Event: 870.487 Thread 0x0000028ce8a58c50 Exception <a 'java/net/ConnectException'{0x000000070eda2de8}: Connection refused: no further information> (0x000000070eda2de8) 
thrown [e:\jenkins\tmp\workspace\build\src\src\hotspot\share\prims\jni.cpp, line 535]
Event: 870.566 Thread 0x0000028ce3608950 Exception <a 'java/net/ConnectException'{0x000000070ecb1760}: Connection refused: no further information> (0x000000070ecb1760) 
thrown [e:\jenkins\tmp\workspace\build\src\src\hotspot\share\prims\jni.cpp, line 535]
Event: 870.664 Thread 0x0000028ce36045f0 Exception <a 'java/net/ConnectException'{0x000000070ed76f58}: Connection refused: no further information> (0x000000070ed76f58) 
thrown [e:\jenkins\tmp\workspace\build\src\src\hotspot\share\prims\jni.cpp, line 535]
Event: 870.728 Thread 0x0000028ce36015d0 Exception <a 'java/net/ConnectException'{0x000000070edb35f0}: Connection refused: no further information> (0x000000070edb35f0) 
thrown [e:\jenkins\tmp\workspace\build\src\src\hotspot\share\prims\jni.cpp, line 535]
Event: 870.861 Thread 0x0000028ce3608480 Exception <a 'java/net/ConnectException'{0x000000070ed8bec0}: Connection refused: no further information> (0x000000070ed8bec0) 
thrown [e:\jenkins\tmp\workspace\build\src\src\hotspot\share\prims\jni.cpp, line 535]
Event: 870.898 Thread 0x0000028ce3601100 Exception <a 'java/net/ConnectException'{0x000000070edc9b50}: Connection refused: no further information> (0x000000070edc9b50) 
thrown [e:\jenkins\tmp\workspace\build\src\src\hotspot\share\prims\jni.cpp, line 535]

VM Operations (20 events):
Event: 811.990 Executing VM operation: Cleanup
Event: 811.990 Executing VM operation: Cleanup done
Event: 813.001 Executing VM operation: Cleanup
Event: 813.001 Executing VM operation: Cleanup done
Event: 828.114 Executing VM operation: Cleanup
Event: 828.114 Executing VM operation: Cleanup done
Event: 830.127 Executing VM operation: Cleanup
Event: 830.127 Executing VM operation: Cleanup done
Event: 834.159 Executing VM operation: Cleanup
Event: 834.159 Executing VM operation: Cleanup done
Event: 835.169 Executing VM operation: Cleanup
Event: 835.169 Executing VM operation: Cleanup done
Event: 850.327 Executing VM operation: Cleanup
Event: 850.327 Executing VM operation: Cleanup done
Event: 870.896 Executing VM operation: ChangeSingleStep
Event: 870.896 Executing VM operation: ChangeSingleStep done
Event: 870.897 Executing VM operation: ChangeSingleStep
Event: 870.897 Executing VM operation: ChangeSingleStep done
Event: 871.039 Executing VM operation: RedefineClasses
Event: 871.098 Executing VM operation: RedefineClasses done

Events (20 events):
Event: 82.532 Thread 0x0000028ce8a57910 Thread exited: 0x0000028ce8a57910
Event: 111.568 Thread 0x0000028ce406b700 Thread added: 0x0000028ce406b700
Event: 339.822 loading class java/util/OptionalDouble
Event: 339.823 loading class java/util/OptionalDouble done
Event: 341.788 loading class jdk/internal/loader/BootLoader$PackageHelper
Event: 341.789 loading class jdk/internal/loader/BootLoader$PackageHelper done
Event: 341.791 Thread 0x0000028ce3602de0 Thread exited: 0x0000028ce3602de0
Event: 341.831 loading class sun/nio/cs/ISO_8859_1$Encoder
Event: 341.831 loading class sun/nio/cs/ISO_8859_1$Encoder done
Event: 341.831 loading class sun/nio/cs/Surrogate$Parser
Event: 341.831 loading class sun/nio/cs/Surrogate$Parser done
Event: 341.832 loading class sun/nio/cs/Surrogate
Event: 341.832 loading class sun/nio/cs/Surrogate done
Event: 402.507 Thread 0x0000028ce406ca40 Thread added: 0x0000028ce406ca40
Event: 444.523 Thread 0x0000028ce406ff30 Thread added: 0x0000028ce406ff30
Event: 444.548 Thread 0x0000028ce406a890 Thread added: 0x0000028ce406a890
Event: 444.548 Thread 0x0000028ce406e250 Thread added: 0x0000028ce406e250
Event: 444.556 Thread 0x0000028ce406a890 Thread exited: 0x0000028ce406a890
Event: 444.559 Thread 0x0000028ce406a890 Thread added: 0x0000028ce406a890
Event: 505.389 Thread 0x0000028ce406f0c0 Thread added: 0x0000028ce406f0c0


Dynamic libraries:
0x00007ff71ef10000 - 0x00007ff71ef1e000 	C:\Users\hebgen\.p2\pool\plugins\org.eclipse.justj.openjdk.hotspot.jre.full.win32.x86_64_17.0.2.v20220201-1208\jre\bin\javaw.exe
0x00007ffd191b0000 - 0x00007ffd193a5000 	C:\WINDOWS\SYSTEM32\ntdll.dll
0x00007ffd18620000 - 0x00007ffd186de000 	C:\WINDOWS\System32\KERNEL32.DLL
0x00007ffd16bd0000 - 0x00007ffd16e98000 	C:\WINDOWS\System32\KERNELBASE.dll
0x00007ffd16ad0000 - 0x00007ffd16bd0000 	C:\WINDOWS\System32\ucrtbase.dll
0x00007ffd0fe60000 - 0x00007ffd0fe78000 	C:\Users\hebgen\.p2\pool\plugins\org.eclipse.justj.openjdk.hotspot.jre.full.win32.x86_64_17.0.2.v20220201-1208\jre\bin\jli.dll
0x00007ffd18bf0000 - 0x00007ffd18d91000 	C:\WINDOWS\System32\USER32.dll
0x00007ffd16a70000 - 0x00007ffd16a92000 	C:\WINDOWS\System32\win32u.dll
0x00007ffd17460000 - 0x00007ffd1748b000 	C:\WINDOWS\System32\GDI32.dll
0x00007ffd098e0000 - 0x00007ffd098f9000 	C:\Users\hebgen\.p2\pool\plugins\org.eclipse.justj.openjdk.hotspot.jre.full.win32.x86_64_17.0.2.v20220201-1208\jre\bin\VCRUNTIME140.dll
0x00007ffd16ea0000 - 0x00007ffd16fad000 	C:\WINDOWS\System32\gdi32full.dll
0x00007ffd169d0000 - 0x00007ffd16a6d000 	C:\WINDOWS\System32\msvcp_win.dll
0x00007ffd14ee0000 - 0x00007ffd1517a000 	C:\WINDOWS\WinSxS\amd64_microsoft.windows.common-controls_6595b64144ccf1df_6.0.19041.1110_none_60b5254171f9507e\COMCTL32.dll
0x00007ffd18da0000 - 0x00007ffd18e3e000 	C:\WINDOWS\System32\msvcrt.dll
0x00007ffd18bc0000 - 0x00007ffd18bf0000 	C:\WINDOWS\System32\IMM32.DLL
0x00007ffd136a0000 - 0x00007ffd136ac000 	C:\Users\hebgen\.p2\pool\plugins\org.eclipse.justj.openjdk.hotspot.jre.full.win32.x86_64_17.0.2.v20220201-1208\jre\bin\vcruntime140_1.dll
0x00007ffcf7d40000 - 0x00007ffcf7dd1000 	C:\Users\hebgen\.p2\pool\plugins\org.eclipse.justj.openjdk.hotspot.jre.full.win32.x86_64_17.0.2.v20220201-1208\jre\bin\msvcp140.dll
0x00007ffcd0340000 - 0x00007ffcd0f87000 	C:\Users\hebgen\.p2\pool\plugins\org.eclipse.justj.openjdk.hotspot.jre.full.win32.x86_64_17.0.2.v20220201-1208\jre\bin\server\jvm.dll
0x00007ffd18a90000 - 0x00007ffd18b3e000 	C:\WINDOWS\System32\ADVAPI32.dll
0x00007ffd173c0000 - 0x00007ffd1745c000 	C:\WINDOWS\System32\sechost.dll
0x00007ffd18740000 - 0x00007ffd18865000 	C:\WINDOWS\System32\RPCRT4.dll
0x00007ffd18a80000 - 0x00007ffd18a88000 	C:\WINDOWS\System32\PSAPI.DLL
0x00007ffd04930000 - 0x00007ffd04957000 	C:\WINDOWS\SYSTEM32\WINMM.dll
0x00007ffd0aaa0000 - 0x00007ffd0aaaa000 	C:\WINDOWS\SYSTEM32\VERSION.dll
0x00007ffd03c00000 - 0x00007ffd03c09000 	C:\WINDOWS\SYSTEM32\WSOCK32.dll
0x00007ffd188d0000 - 0x00007ffd1893b000 	C:\WINDOWS\System32\WS2_32.dll
0x00007ffd14d90000 - 0x00007ffd14da2000 	C:\WINDOWS\SYSTEM32\kernel.appcore.dll
0x00007ffd13640000 - 0x00007ffd1364a000 	C:\Users\hebgen\.p2\pool\plugins\org.eclipse.justj.openjdk.hotspot.jre.full.win32.x86_64_17.0.2.v20220201-1208\jre\bin\jimage.dll
0x00007ffd14780000 - 0x00007ffd14964000 	C:\WINDOWS\SYSTEM32\DBGHELP.DLL
0x00007ffcfe970000 - 0x00007ffcfe99c000 	C:\WINDOWS\SYSTEM32\dbgcore.DLL
0x00007ffd17160000 - 0x00007ffd171e2000 	C:\WINDOWS\System32\bcryptPrimitives.dll
0x00007ffcf47d0000 - 0x00007ffcf480b000 	C:\Users\hebgen\.p2\pool\plugins\org.eclipse.justj.openjdk.hotspot.jre.full.win32.x86_64_17.0.2.v20220201-1208\jre\bin\jdwp.dll
0x00007ffd10130000 - 0x00007ffd1013e000 	C:\Users\hebgen\.p2\pool\plugins\org.eclipse.justj.openjdk.hotspot.jre.full.win32.x86_64_17.0.2.v20220201-1208\jre\bin\instrument.dll
0x00007ffd10580000 - 0x00007ffd105a5000 	C:\Users\hebgen\.p2\pool\plugins\org.eclipse.justj.openjdk.hotspot.jre.full.win32.x86_64_17.0.2.v20220201-1208\jre\bin\java.dll
0x00007ffd10270000 - 0x00007ffd10288000 	C:\Users\hebgen\.p2\pool\plugins\org.eclipse.justj.openjdk.hotspot.jre.full.win32.x86_64_17.0.2.v20220201-1208\jre\bin\zip.dll
0x00007ffd17490000 - 0x00007ffd17bd4000 	C:\WINDOWS\System32\SHELL32.dll
0x00007ffd13f20000 - 0x00007ffd146b5000 	C:\WINDOWS\SYSTEM32\windows.storage.dll
0x00007ffd17be0000 - 0x00007ffd17f35000 	C:\WINDOWS\System32\combase.dll
0x00007ffd16310000 - 0x00007ffd1633e000 	C:\WINDOWS\SYSTEM32\Wldp.dll
0x00007ffd189d0000 - 0x00007ffd18a7d000 	C:\WINDOWS\System32\SHCORE.dll
0x00007ffd18870000 - 0x00007ffd188c5000 	C:\WINDOWS\System32\shlwapi.dll
0x00007ffd16800000 - 0x00007ffd1681f000 	C:\WINDOWS\SYSTEM32\profapi.dll
0x00007ffd10120000 - 0x00007ffd1012c000 	C:\Users\hebgen\.p2\pool\plugins\org.eclipse.justj.openjdk.hotspot.jre.full.win32.x86_64_17.0.2.v20220201-1208\jre\bin\dt_socket.dll
0x00007ffd15d10000 - 0x00007ffd15d4b000 	C:\WINDOWS\SYSTEM32\IPHLPAPI.DLL
0x00007ffd16070000 - 0x00007ffd160da000 	C:\WINDOWS\system32\mswsock.dll
0x00007ffd15d60000 - 0x00007ffd15e2b000 	C:\WINDOWS\SYSTEM32\DNSAPI.dll
0x00007ffd173b0000 - 0x00007ffd173b8000 	C:\WINDOWS\System32\NSI.dll
0x00007ffd0aab0000 - 0x00007ffd0aaba000 	C:\Windows\System32\rasadhlp.dll
0x00007ffd10980000 - 0x00007ffd109ff000 	C:\WINDOWS\System32\fwpuclnt.dll
0x00007ffd16aa0000 - 0x00007ffd16ac7000 	C:\WINDOWS\System32\bcrypt.dll
0x00007ffd10190000 - 0x00007ffd101a9000 	C:\Users\hebgen\.p2\pool\plugins\org.eclipse.justj.openjdk.hotspot.jre.full.win32.x86_64_17.0.2.v20220201-1208\jre\bin\net.dll
0x00007ffd0b570000 - 0x00007ffd0b67c000 	C:\WINDOWS\SYSTEM32\WINHTTP.dll
0x00007ffd0ffb0000 - 0x00007ffd0ffc5000 	C:\Users\hebgen\.p2\pool\plugins\org.eclipse.justj.openjdk.hotspot.jre.full.win32.x86_64_17.0.2.v20220201-1208\jre\bin\nio.dll
0x00007ffd13630000 - 0x00007ffd13640000 	C:\Users\hebgen\.p2\pool\plugins\org.eclipse.justj.openjdk.hotspot.jre.full.win32.x86_64_17.0.2.v20220201-1208\jre\bin\verify.dll
0x00007ffd135f0000 - 0x00007ffd135f9000 	C:\Users\hebgen\.p2\pool\plugins\org.eclipse.justj.openjdk.hotspot.jre.full.win32.x86_64_17.0.2.v20220201-1208\jre\bin\management.dll
0x00007ffd11790000 - 0x00007ffd1179b000 	C:\Users\hebgen\.p2\pool\plugins\org.eclipse.justj.openjdk.hotspot.jre.full.win32.x86_64_17.0.2.v20220201-1208\jre\bin\management_ext.dll
0x00007ffcfe820000 - 0x00007ffcfe837000 	C:\WINDOWS\system32\napinsp.dll
0x00007ffcfdd60000 - 0x00007ffcfdd7b000 	C:\WINDOWS\system32\pnrpnsp.dll
0x00007ffd10b30000 - 0x00007ffd10b45000 	C:\WINDOWS\system32\wshbth.dll
0x00007ffd11760000 - 0x00007ffd1177d000 	C:\WINDOWS\system32\NLAapi.dll
0x00007ffcfdd40000 - 0x00007ffcfdd52000 	C:\WINDOWS\System32\winrnr.dll
0x00007ffd16260000 - 0x00007ffd16278000 	C:\WINDOWS\SYSTEM32\CRYPTSP.dll
0x00007ffd15920000 - 0x00007ffd15954000 	C:\WINDOWS\system32\rsaenh.dll
0x00007ffd16780000 - 0x00007ffd167ae000 	C:\WINDOWS\SYSTEM32\USERENV.dll
0x00007ffd16280000 - 0x00007ffd1628c000 	C:\WINDOWS\SYSTEM32\CRYPTBASE.dll
0x00007ffd13f00000 - 0x00007ffd13f17000 	C:\WINDOWS\SYSTEM32\dhcpcsvc6.DLL
0x00007ffd13ee0000 - 0x00007ffd13efd000 	C:\WINDOWS\SYSTEM32\dhcpcsvc.DLL
0x00007ffd13610000 - 0x00007ffd1361e000 	C:\Users\hebgen\.p2\pool\plugins\org.eclipse.justj.openjdk.hotspot.jre.full.win32.x86_64_17.0.2.v20220201-1208\jre\bin\sunmscapi.dll
0x00007ffd17000000 - 0x00007ffd17156000 	C:\WINDOWS\System32\CRYPT32.dll
0x00007ffd16380000 - 0x00007ffd163a7000 	C:\WINDOWS\SYSTEM32\ncrypt.dll
0x00007ffd16340000 - 0x00007ffd1637b000 	C:\WINDOWS\SYSTEM32\NTASN1.dll
0x00007ffd0ff70000 - 0x00007ffd0ff77000 	C:\WINDOWS\system32\wshunix.dll

dbghelp: loaded successfully - version: 4.0.5 - missing functions: none
symbol engine: initialized successfully - sym options: 0x614 - pdb path: .;C:\Users\hebgen\.p2\pool\plugins\org.eclipse.justj.openjdk.hotspot.jre.full.win32.x86_64_17.0.2.v20220201-1208\jre\bin;C:\WINDOWS\SYSTEM32;C:\WINDOWS\WinSxS\amd64_microsoft.windows.common-controls_6595b64144ccf1df_6.0.19041.1110_none_60b5254171f9507e;C:\Users\hebgen\.p2\pool\plugins\org.eclipse.justj.openjdk.hotspot.jre.full.win32.x86_64_17.0.2.v20220201-1208\jre\bin\server

VM Arguments:
jvm_args: -XX:+ShowCodeDetailsInExceptionMessages -agentlib:jdwp=transport=dt_socket,suspend=y,address=localhost:63420 -javaagent:C:\Users\hebgen\eclipse\java-2021-12\eclipse\configuration\org.eclipse.osgi\224\0\.cp\lib\javaagent-shaded.jar -Dfile.encoding=UTF-8 
java_command: eu.neclab.ngsildbroker.runner.Runner
java_class_path (initial): C:\Users\hebgen\Desktop\Scorpio\cwd\ScorpioBroker\AllInOneRunner\target\classes;C:\Users\hebgen\Desktop\Scorpio\cwd\ScorpioBroker\Core\AtContextServer\target\classes;C:\Users\hebgen\Desktop\Scorpio\cwd\ScorpioBroker\Core\EntityManager\target\classes;C:\Users\hebgen\.m2\repository\org\springframework\boot\spring-boot-starter-jdbc\2.6.1\spring-boot-starter-jdbc-2.6.1.jar;C:\Users\hebgen\.m2\repository\com\zaxxer\HikariCP\4.0.3\HikariCP-4.0.3.jar;C:\Users\hebgen\.m2\repository\org\flywaydb\flyway-core\8.0.4\flyway-core-8.0.4.jar;C:\Users\hebgen\.m2\repository\org\postgresql\postgresql\42.3.1\postgresql-42.3.1.jar;C:\Users\hebgen\.m2\repository\org\checkerframework\checker-qual\3.5.0\checker-qual-3.5.0.jar;C:\Users\hebgen\Desktop\Scorpio\cwd\ScorpioBroker\History\HistoryManager\target\classes;C:\Users\hebgen\Desktop\Scorpio\cwd\ScorpioBroker\Core\QueryManager\target\classes;C:\Users\hebgen\Desktop\Scorpio\cwd\ScorpioBroker\Registry\RegistryManager\target\classes;C:\Users\hebgen\.m2\repository\org\locationtech\spatial4j\spatial4j\0.7\spatial4j-0.7.jar;C:\Users\hebgen\.m2\repository\org\locationtech\jts\jts-core\1.15.1\jts-core-1.15.1.jar;C:\Users\hebgen\Desktop\Scorpio\cwd\ScorpioBroker\Registry\RegistrySubscriptionManager\target\classes;C:\Users\hebgen\.m2\repository\com\google\guava\guava\29.0-jre\guava-29.0-jre.jar;C:\Users\hebgen\.m2\repository\com\google\guava\failureaccess\1.0.1\failureaccess-1.0.1.jar;C:\Users\hebgen\.m2\repository\com\google\guava\listenablefuture\9999.0-empty-to-avoid-conflict-with-guava\listenablefuture-9999.0-empty-to-avoid-conflict-with-guava.jar;C:\Users\hebgen\.m2\repository\com\google\errorprone\error_prone_annotations\2.3.4\error_prone_annotations-2.3.4.jar;C:\Users\hebgen\.m2\repository\com\google\j2objc\j2objc-annotations\1.3\j2objc-annotations-1.3.jar;C:\Users\hebgen\.m2\repository\com\google\code\gson\gson\2.8.9\gson-2.8.9.jar;C:\Users\hebgen\Desktop\Scorpio\cwd\ScorpioBroker\Core\SubscriptionManager\targe
Launcher Type: SUN_STANDARD

[Global flags]
     intx CICompilerCount                          = 3                                         {product} {ergonomic}
     uint ConcGCThreads                            = 1                                         {product} {ergonomic}
     uint G1ConcRefinementThreads                  = 4                                         {product} {ergonomic}
   size_t G1HeapRegionSize                         = 2097152                                   {product} {ergonomic}
    uintx GCDrainStackTargetSize                   = 64                                        {product} {ergonomic}
   size_t InitialHeapSize                          = 260046848                                 {product} {ergonomic}
   size_t MarkStackSize                            = 4194304                                   {product} {ergonomic}
   size_t MaxHeapSize                              = 4137680896                                {product} {ergonomic}
   size_t MaxNewSize                               = 2480930816                                {product} {ergonomic}
   size_t MinHeapDeltaBytes                        = 2097152                                   {product} {ergonomic}
   size_t MinHeapSize                              = 8388608                                   {product} {ergonomic}
    uintx NonNMethodCodeHeapSize                   = 5832780                                {pd product} {ergonomic}
    uintx NonProfiledCodeHeapSize                  = 122912730                              {pd product} {ergonomic}
    uintx ProfiledCodeHeapSize                     = 122912730                              {pd product} {ergonomic}
    uintx ReservedCodeCacheSize                    = 251658240                              {pd product} {ergonomic}
     bool SegmentedCodeCache                       = true                                      {product} {ergonomic}
     bool ShowCodeDetailsInExceptionMessages       = true                                   {manageable} {command line}
   size_t SoftMaxHeapSize                          = 4137680896                             {manageable} {ergonomic}
     bool UseCompressedClassPointers               = true                           {product lp64_product} {ergonomic}
     bool UseCompressedOops                        = true                           {product lp64_product} {ergonomic}
     bool UseG1GC                                  = true                                      {product} {ergonomic}
     bool UseLargePagesIndividualAllocation        = false                                  {pd product} {ergonomic}

Logging:
Log output configuration:
 #0: stdout all=warning uptime,level,tags
 #1: stderr all=off uptime,level,tags

Environment Variables:
PATH=C:\Users\hebgen\.p2\pool\plugins\org.eclipse.justj.openjdk.hotspot.jre.full.win32.x86_64_17.0.2.v20220201-1208\jre\bin;C:/Users/hebgen/.p2/pool/plugins/org.eclipse.justj.openjdk.hotspot.jre.full.win32.x86_64_17.0.2.v20220201-1208/jre/bin/server;C:/Users/hebgen/.p2/pool/plugins/org.eclipse.justj.openjdk.hotspot.jre.full.win32.x86_64_17.0.2.v20220201-1208/jre/bin;C:\Program Files\Python310\Scripts\;C:\Program Files\Python310\;C:\WINDOWS\system32;C:\WINDOWS;C:\WINDOWS\System32\Wbem;C:\WINDOWS\System32\WindowsPowerShell\v1.0\;C:\Program Files\OpenVPN\bin;C:\Program Files\SourceGear\Common\DiffMerge\;C:\Program Files\Git\cmd;C:\Users\hebgen\AppData\Local\Microsoft\WindowsApps;C:\Users\hebgen\AppData\Local\GitHubDesktop\bin;%USERPROFILE%\AppData\Local\Microsoft\WindowsApps;;C:\Users\hebgen\eclipse\java-2021-12\eclipse;
USERNAME=hebgen
OS=Windows_NT
PROCESSOR_IDENTIFIER=Intel64 Family 6 Model 61 Stepping 4, GenuineIntel



---------------  S Y S T E M  ---------------

OS:
 Windows 10 , 64 bit Build 19041 (10.0.19041.1466)
OS uptime: 1 days 21:03 hours

CPU: total 4 (initial active 4) (2 cores per cpu, 2 threads per core) family 6 model 61 stepping 4 microcode 0x2e, cx8, cmov, fxsr, ht, mmx, 3dnowpref, sse, sse2, sse3, ssse3, sse4.1, sse4.2, popcnt, lzcnt, tsc, tscinvbit, avx, avx2, aes, erms, clmul, bmi1, bmi2, rtm, adx, fma, vzeroupper, clflush

Memory: 4k page, system-wide physical 15779M (4068M free)
TotalPageFile size 30529M (AvailPageFile size 10434M)
current process WorkingSet (physical memory assigned to process): 287M, peak: 338M
current process commit charge ("private bytes"): 309M, peak: 381M

vm_info: OpenJDK 64-Bit Server VM (17.0.2+8) for windows-amd64 JRE (17.0.2+8), built on Jan 20 2022 04:52:34 by "" with MS VC++ 16.7 (VS2019)

END.
